/*C5*/SET SCHEMA PUBLIC
DISCONNECT
/*C7*/SET SCHEMA PUBLIC
DELETE FROM DOCUMENTOCOMERCIAL WHERE OID='4028e4b78f4abe42018f4ad89b1c000b'
INSERT INTO DOCUMENTOCOMERCIAL VALUES('Factura','4028e4b78f4abe42018f4ad89b1c000b',FALSE,2024,'2024-06-05',724.79,125.79,2,'',21,1,FALSE,1,NULL)
DELETE FROM DOCUMENTOCOMERCIAL_DETALLES WHERE DOCUMENTOCOMERCIAL_OID='4028e4b78f4abe42018f4ad89b1c000b' AND CANTIDAD=1 AND PRECIOPORUNIDAD=599.00 AND PRODUCTO_NUMERO=2
INSERT INTO DOCUMENTOCOMERCIAL_DETALLES VALUES('4028e4b78f4abe42018f4ad89b1c000b',1,599.00,2)
COMMIT
DELETE FROM DOCUMENTOCOMERCIAL WHERE OID='4028e4b78f4abe42018f4ad8a926000c'
INSERT INTO DOCUMENTOCOMERCIAL VALUES('Factura','4028e4b78f4abe42018f4ad8a926000c',FALSE,2024,'2024-07-05',1957.78,339.78,3,'',21,1,FALSE,2,NULL)
DELETE FROM DOCUMENTOCOMERCIAL_DETALLES WHERE DOCUMENTOCOMERCIAL_OID='4028e4b78f4abe42018f4ad8a926000c' AND CANTIDAD=1 AND PRECIOPORUNIDAD=20.00 AND PRODUCTO_NUMERO=3
DELETE FROM DOCUMENTOCOMERCIAL_DETALLES WHERE DOCUMENTOCOMERCIAL_OID='4028e4b78f4abe42018f4ad8a926000c' AND CANTIDAD=1 AND PRECIOPORUNIDAD=599.00 AND PRODUCTO_NUMERO=2
DELETE FROM DOCUMENTOCOMERCIAL_DETALLES WHERE DOCUMENTOCOMERCIAL_OID='4028e4b78f4abe42018f4ad8a926000c' AND CANTIDAD=1 AND PRECIOPORUNIDAD=999.00 AND PRODUCTO_NUMERO=4
INSERT INTO DOCUMENTOCOMERCIAL_DETALLES VALUES('4028e4b78f4abe42018f4ad8a926000c',1,20.00,3)
INSERT INTO DOCUMENTOCOMERCIAL_DETALLES VALUES('4028e4b78f4abe42018f4ad8a926000c',1,599.00,2)
INSERT INTO DOCUMENTOCOMERCIAL_DETALLES VALUES('4028e4b78f4abe42018f4ad8a926000c',1,999.00,4)
COMMIT
DELETE FROM DOCUMENTOCOMERCIAL WHERE OID='4028e4b78f4abe42018f4ad8be6b000d'
INSERT INTO DOCUMENTOCOMERCIAL VALUES('Factura','4028e4b78f4abe42018f4ad8be6b000d',FALSE,2024,'2024-08-05',1304.38,226.38,4,'',21,1,FALSE,3,NULL)
DELETE FROM DOCUMENTOCOMERCIAL_DETALLES WHERE DOCUMENTOCOMERCIAL_OID='4028e4b78f4abe42018f4ad8be6b000d' AND CANTIDAD=1 AND PRECIOPORUNIDAD=999.00 AND PRODUCTO_NUMERO=5
DELETE FROM DOCUMENTOCOMERCIAL_DETALLES WHERE DOCUMENTOCOMERCIAL_OID='4028e4b78f4abe42018f4ad8be6b000d' AND CANTIDAD=1 AND PRECIOPORUNIDAD=30.00 AND PRODUCTO_NUMERO=8
DELETE FROM DOCUMENTOCOMERCIAL_DETALLES WHERE DOCUMENTOCOMERCIAL_OID='4028e4b78f4abe42018f4ad8be6b000d' AND CANTIDAD=1 AND PRECIOPORUNIDAD=49.00 AND PRODUCTO_NUMERO=9
INSERT INTO DOCUMENTOCOMERCIAL_DETALLES VALUES('4028e4b78f4abe42018f4ad8be6b000d',1,999.00,5)
INSERT INTO DOCUMENTOCOMERCIAL_DETALLES VALUES('4028e4b78f4abe42018f4ad8be6b000d',1,30.00,8)
INSERT INTO DOCUMENTOCOMERCIAL_DETALLES VALUES('4028e4b78f4abe42018f4ad8be6b000d',1,49.00,9)
COMMIT
DELETE FROM DOCUMENTOCOMERCIAL WHERE OID='4028e4b78f4abe42018f4ad8c7f6000e'
INSERT INTO DOCUMENTOCOMERCIAL VALUES('Factura','4028e4b78f4abe42018f4ad8c7f6000e',FALSE,2024,'2024-09-05',2764.85,479.85,5,'',21,1,FALSE,4,NULL)
DELETE FROM DOCUMENTOCOMERCIAL_DETALLES WHERE DOCUMENTOCOMERCIAL_OID='4028e4b78f4abe42018f4ad8c7f6000e' AND CANTIDAD=1 AND PRECIOPORUNIDAD=1250.00 AND PRODUCTO_NUMERO=7
DELETE FROM DOCUMENTOCOMERCIAL_DETALLES WHERE DOCUMENTOCOMERCIAL_OID='4028e4b78f4abe42018f4ad8c7f6000e' AND CANTIDAD=1 AND PRECIOPORUNIDAD=999.00 AND PRODUCTO_NUMERO=4
DELETE FROM DOCUMENTOCOMERCIAL_DETALLES WHERE DOCUMENTOCOMERCIAL_OID='4028e4b78f4abe42018f4ad8c7f6000e' AND CANTIDAD=1 AND PRECIOPORUNIDAD=17.00 AND PRODUCTO_NUMERO=11
DELETE FROM DOCUMENTOCOMERCIAL_DETALLES WHERE DOCUMENTOCOMERCIAL_OID='4028e4b78f4abe42018f4ad8c7f6000e' AND CANTIDAD=1 AND PRECIOPORUNIDAD=19.00 AND PRODUCTO_NUMERO=13
INSERT INTO DOCUMENTOCOMERCIAL_DETALLES VALUES('4028e4b78f4abe42018f4ad8c7f6000e',1,1250.00,7)
INSERT INTO DOCUMENTOCOMERCIAL_DETALLES VALUES('4028e4b78f4abe42018f4ad8c7f6000e',1,999.00,4)
INSERT INTO DOCUMENTOCOMERCIAL_DETALLES VALUES('4028e4b78f4abe42018f4ad8c7f6000e',1,17.00,11)
INSERT INTO DOCUMENTOCOMERCIAL_DETALLES VALUES('4028e4b78f4abe42018f4ad8c7f6000e',1,19.00,13)
COMMIT
DELETE FROM DOCUMENTOCOMERCIAL WHERE OID='4028e4b78f4abe42018f4ad8ceed000f'
INSERT INTO DOCUMENTOCOMERCIAL VALUES('Factura','4028e4b78f4abe42018f4ad8ceed000f',FALSE,2024,'2024-10-05',248.05,43.05,6,'',21,1,FALSE,5,NULL)
DELETE FROM DOCUMENTOCOMERCIAL_DETALLES WHERE DOCUMENTOCOMERCIAL_OID='4028e4b78f4abe42018f4ad8ceed000f' AND CANTIDAD=2 AND PRECIOPORUNIDAD=9.00 AND PRODUCTO_NUMERO=16
DELETE FROM DOCUMENTOCOMERCIAL_DETALLES WHERE DOCUMENTOCOMERCIAL_OID='4028e4b78f4abe42018f4ad8ceed000f' AND CANTIDAD=2 AND PRECIOPORUNIDAD=9.00 AND PRODUCTO_NUMERO=17
DELETE FROM DOCUMENTOCOMERCIAL_DETALLES WHERE DOCUMENTOCOMERCIAL_OID='4028e4b78f4abe42018f4ad8ceed000f' AND CANTIDAD=1 AND PRECIOPORUNIDAD=49.00 AND PRODUCTO_NUMERO=18
DELETE FROM DOCUMENTOCOMERCIAL_DETALLES WHERE DOCUMENTOCOMERCIAL_OID='4028e4b78f4abe42018f4ad8ceed000f' AND CANTIDAD=2 AND PRECIOPORUNIDAD=60.00 AND PRODUCTO_NUMERO=15
INSERT INTO DOCUMENTOCOMERCIAL_DETALLES VALUES('4028e4b78f4abe42018f4ad8ceed000f',2,9.00,16)
INSERT INTO DOCUMENTOCOMERCIAL_DETALLES VALUES('4028e4b78f4abe42018f4ad8ceed000f',2,9.00,17)
INSERT INTO DOCUMENTOCOMERCIAL_DETALLES VALUES('4028e4b78f4abe42018f4ad8ceed000f',1,49.00,18)
INSERT INTO DOCUMENTOCOMERCIAL_DETALLES VALUES('4028e4b78f4abe42018f4ad8ceed000f',2,60.00,15)
COMMIT
DELETE FROM DOCUMENTOCOMERCIAL WHERE OID='4028e4b78f4abe42018f4ad8d5710010'
INSERT INTO DOCUMENTOCOMERCIAL VALUES('Factura','4028e4b78f4abe42018f4ad8d5710010',FALSE,2024,'2024-11-05',174.24,30.24,7,'',21,1,FALSE,6,NULL)
DELETE FROM DOCUMENTOCOMERCIAL_DETALLES WHERE DOCUMENTOCOMERCIAL_OID='4028e4b78f4abe42018f4ad8d5710010' AND CANTIDAD=1 AND PRECIOPORUNIDAD=9.00 AND PRODUCTO_NUMERO=21
DELETE FROM DOCUMENTOCOMERCIAL_DETALLES WHERE DOCUMENTOCOMERCIAL_OID='4028e4b78f4abe42018f4ad8d5710010' AND CANTIDAD=1 AND PRECIOPORUNIDAD=9.00 AND PRODUCTO_NUMERO=22
DELETE FROM DOCUMENTOCOMERCIAL_DETALLES WHERE DOCUMENTOCOMERCIAL_OID='4028e4b78f4abe42018f4ad8d5710010' AND CANTIDAD=1 AND PRECIOPORUNIDAD=19.00 AND PRODUCTO_NUMERO=23
DELETE FROM DOCUMENTOCOMERCIAL_DETALLES WHERE DOCUMENTOCOMERCIAL_OID='4028e4b78f4abe42018f4ad8d5710010' AND CANTIDAD=1 AND PRECIOPORUNIDAD=19.00 AND PRODUCTO_NUMERO=24
DELETE FROM DOCUMENTOCOMERCIAL_DETALLES WHERE DOCUMENTOCOMERCIAL_OID='4028e4b78f4abe42018f4ad8d5710010' AND CANTIDAD=2 AND PRECIOPORUNIDAD=29.00 AND PRODUCTO_NUMERO=25
DELETE FROM DOCUMENTOCOMERCIAL_DETALLES WHERE DOCUMENTOCOMERCIAL_OID='4028e4b78f4abe42018f4ad8d5710010' AND CANTIDAD=2 AND PRECIOPORUNIDAD=15.00 AND PRODUCTO_NUMERO=26
INSERT INTO DOCUMENTOCOMERCIAL_DETALLES VALUES('4028e4b78f4abe42018f4ad8d5710010',1,9.00,21)
INSERT INTO DOCUMENTOCOMERCIAL_DETALLES VALUES('4028e4b78f4abe42018f4ad8d5710010',1,9.00,22)
INSERT INTO DOCUMENTOCOMERCIAL_DETALLES VALUES('4028e4b78f4abe42018f4ad8d5710010',1,19.00,23)
INSERT INTO DOCUMENTOCOMERCIAL_DETALLES VALUES('4028e4b78f4abe42018f4ad8d5710010',1,19.00,24)
INSERT INTO DOCUMENTOCOMERCIAL_DETALLES VALUES('4028e4b78f4abe42018f4ad8d5710010',2,29.00,25)
INSERT INTO DOCUMENTOCOMERCIAL_DETALLES VALUES('4028e4b78f4abe42018f4ad8d5710010',2,15.00,26)
COMMIT
DELETE FROM DOCUMENTOCOMERCIAL WHERE OID='4028e4b78f4abe42018f4ad8dba60011'
INSERT INTO DOCUMENTOCOMERCIAL VALUES('Factura','4028e4b78f4abe42018f4ad8dba60011',FALSE,2024,'2024-12-05',5015.45,870.45,8,'',21,1,FALSE,7,NULL)
DELETE FROM DOCUMENTOCOMERCIAL_DETALLES WHERE DOCUMENTOCOMERCIAL_OID='4028e4b78f4abe42018f4ad8dba60011' AND CANTIDAD=1 AND PRECIOPORUNIDAD=999.00 AND PRODUCTO_NUMERO=5
DELETE FROM DOCUMENTOCOMERCIAL_DETALLES WHERE DOCUMENTOCOMERCIAL_OID='4028e4b78f4abe42018f4ad8dba60011' AND CANTIDAD=1 AND PRECIOPORUNIDAD=1200.00 AND PRODUCTO_NUMERO=6
DELETE FROM DOCUMENTOCOMERCIAL_DETALLES WHERE DOCUMENTOCOMERCIAL_OID='4028e4b78f4abe42018f4ad8dba60011' AND CANTIDAD=1 AND PRECIOPORUNIDAD=1250.00 AND PRODUCTO_NUMERO=7
DELETE FROM DOCUMENTOCOMERCIAL_DETALLES WHERE DOCUMENTOCOMERCIAL_OID='4028e4b78f4abe42018f4ad8dba60011' AND CANTIDAD=2 AND PRECIOPORUNIDAD=299.00 AND PRODUCTO_NUMERO=19
DELETE FROM DOCUMENTOCOMERCIAL_DETALLES WHERE DOCUMENTOCOMERCIAL_OID='4028e4b78f4abe42018f4ad8dba60011' AND CANTIDAD=2 AND PRECIOPORUNIDAD=49.00 AND PRODUCTO_NUMERO=18
INSERT INTO DOCUMENTOCOMERCIAL_DETALLES VALUES('4028e4b78f4abe42018f4ad8dba60011',1,999.00,5)
INSERT INTO DOCUMENTOCOMERCIAL_DETALLES VALUES('4028e4b78f4abe42018f4ad8dba60011',1,1200.00,6)
INSERT INTO DOCUMENTOCOMERCIAL_DETALLES VALUES('4028e4b78f4abe42018f4ad8dba60011',1,1250.00,7)
INSERT INTO DOCUMENTOCOMERCIAL_DETALLES VALUES('4028e4b78f4abe42018f4ad8dba60011',2,299.00,19)
INSERT INTO DOCUMENTOCOMERCIAL_DETALLES VALUES('4028e4b78f4abe42018f4ad8dba60011',2,49.00,18)
COMMIT
DELETE FROM DOCUMENTOCOMERCIAL WHERE OID='4028e4b78f4abe42018f4ad8e1bc0012'
INSERT INTO DOCUMENTOCOMERCIAL VALUES('Factura','4028e4b78f4abe42018f4ad8e1bc0012',FALSE,2024,'2024-04-05',79.86,13.86,9,'',21,1,FALSE,8,NULL)
DELETE FROM DOCUMENTOCOMERCIAL_DETALLES WHERE DOCUMENTOCOMERCIAL_OID='4028e4b78f4abe42018f4ad8e1bc0012' AND CANTIDAD=1 AND PRECIOPORUNIDAD=9.00 AND PRODUCTO_NUMERO=29
DELETE FROM DOCUMENTOCOMERCIAL_DETALLES WHERE DOCUMENTOCOMERCIAL_OID='4028e4b78f4abe42018f4ad8e1bc0012' AND CANTIDAD=1 AND PRECIOPORUNIDAD=19.00 AND PRODUCTO_NUMERO=30
DELETE FROM DOCUMENTOCOMERCIAL_DETALLES WHERE DOCUMENTOCOMERCIAL_OID='4028e4b78f4abe42018f4ad8e1bc0012' AND CANTIDAD=2 AND PRECIOPORUNIDAD=19.00 AND PRODUCTO_NUMERO=14
INSERT INTO DOCUMENTOCOMERCIAL_DETALLES VALUES('4028e4b78f4abe42018f4ad8e1bc0012',1,9.00,29)
INSERT INTO DOCUMENTOCOMERCIAL_DETALLES VALUES('4028e4b78f4abe42018f4ad8e1bc0012',1,19.00,30)
INSERT INTO DOCUMENTOCOMERCIAL_DETALLES VALUES('4028e4b78f4abe42018f4ad8e1bc0012',2,19.00,14)
COMMIT
DELETE FROM DOCUMENTOCOMERCIAL WHERE OID='4028e4b78f4abe42018f4addc3270015'
INSERT INTO DOCUMENTOCOMERCIAL VALUES('Factura','4028e4b78f4abe42018f4addc3270015',FALSE,2024,'2024-02-05',5717.25,992.25,10,'',21,1,FALSE,9,NULL)
DELETE FROM DOCUMENTOCOMERCIAL_DETALLES WHERE DOCUMENTOCOMERCIAL_OID='4028e4b78f4abe42018f4addc3270015' AND CANTIDAD=2 AND PRECIOPORUNIDAD=999.00 AND PRODUCTO_NUMERO=5
DELETE FROM DOCUMENTOCOMERCIAL_DETALLES WHERE DOCUMENTOCOMERCIAL_OID='4028e4b78f4abe42018f4addc3270015' AND CANTIDAD=1 AND PRECIOPORUNIDAD=1200.00 AND PRODUCTO_NUMERO=6
DELETE FROM DOCUMENTOCOMERCIAL_DETALLES WHERE DOCUMENTOCOMERCIAL_OID='4028e4b78f4abe42018f4addc3270015' AND CANTIDAD=1 AND PRECIOPORUNIDAD=1250.00 AND PRODUCTO_NUMERO=7
DELETE FROM DOCUMENTOCOMERCIAL_DETALLES WHERE DOCUMENTOCOMERCIAL_OID='4028e4b78f4abe42018f4addc3270015' AND CANTIDAD=1 AND PRECIOPORUNIDAD=30.00 AND PRODUCTO_NUMERO=8
DELETE FROM DOCUMENTOCOMERCIAL_DETALLES WHERE DOCUMENTOCOMERCIAL_OID='4028e4b78f4abe42018f4addc3270015' AND CANTIDAD=1 AND PRECIOPORUNIDAD=49.00 AND PRODUCTO_NUMERO=9
DELETE FROM DOCUMENTOCOMERCIAL_DETALLES WHERE DOCUMENTOCOMERCIAL_OID='4028e4b78f4abe42018f4addc3270015' AND CANTIDAD=2 AND PRECIOPORUNIDAD=99.00 AND PRODUCTO_NUMERO=10
INSERT INTO DOCUMENTOCOMERCIAL_DETALLES VALUES('4028e4b78f4abe42018f4addc3270015',2,999.00,5)
INSERT INTO DOCUMENTOCOMERCIAL_DETALLES VALUES('4028e4b78f4abe42018f4addc3270015',1,1200.00,6)
INSERT INTO DOCUMENTOCOMERCIAL_DETALLES VALUES('4028e4b78f4abe42018f4addc3270015',1,1250.00,7)
INSERT INTO DOCUMENTOCOMERCIAL_DETALLES VALUES('4028e4b78f4abe42018f4addc3270015',1,30.00,8)
INSERT INTO DOCUMENTOCOMERCIAL_DETALLES VALUES('4028e4b78f4abe42018f4addc3270015',1,49.00,9)
INSERT INTO DOCUMENTOCOMERCIAL_DETALLES VALUES('4028e4b78f4abe42018f4addc3270015',2,99.00,10)
COMMIT
DELETE FROM DOCUMENTOCOMERCIAL WHERE OID='4028e4b78f4abe42018f4ad590040009'
INSERT INTO DOCUMENTOCOMERCIAL VALUES('Pedido','4028e4b78f4abe42018f4ad590040009',FALSE,2024,'2024-04-05',79.86,13.86,10,'',21,1,TRUE,8,'4028e4b78f4abe42018f4ad8e1bc0012')
DELETE FROM DOCUMENTOCOMERCIAL_DETALLES WHERE DOCUMENTOCOMERCIAL_OID='4028e4b78f4abe42018f4ad590040009' AND CANTIDAD=1 AND PRECIOPORUNIDAD=9.00 AND PRODUCTO_NUMERO=29
DELETE FROM DOCUMENTOCOMERCIAL_DETALLES WHERE DOCUMENTOCOMERCIAL_OID='4028e4b78f4abe42018f4ad590040009' AND CANTIDAD=1 AND PRECIOPORUNIDAD=19.00 AND PRODUCTO_NUMERO=30
DELETE FROM DOCUMENTOCOMERCIAL_DETALLES WHERE DOCUMENTOCOMERCIAL_OID='4028e4b78f4abe42018f4ad590040009' AND CANTIDAD=2 AND PRECIOPORUNIDAD=19.00 AND PRODUCTO_NUMERO=14
INSERT INTO DOCUMENTOCOMERCIAL_DETALLES VALUES('4028e4b78f4abe42018f4ad590040009',1,9.00,29)
INSERT INTO DOCUMENTOCOMERCIAL_DETALLES VALUES('4028e4b78f4abe42018f4ad590040009',1,19.00,30)
INSERT INTO DOCUMENTOCOMERCIAL_DETALLES VALUES('4028e4b78f4abe42018f4ad590040009',2,19.00,14)
COMMIT
DELETE FROM DOCUMENTOCOMERCIAL WHERE OID='4028e4b78f4abe42018f4adac96e0014'
INSERT INTO DOCUMENTOCOMERCIAL VALUES('Pedido','4028e4b78f4abe42018f4adac96e0014',FALSE,2024,'2024-02-05',5717.25,992.25,12,'',21,1,TRUE,9,'4028e4b78f4abe42018f4addc3270015')
DELETE FROM DOCUMENTOCOMERCIAL_DETALLES WHERE DOCUMENTOCOMERCIAL_OID='4028e4b78f4abe42018f4adac96e0014' AND CANTIDAD=2 AND PRECIOPORUNIDAD=999.00 AND PRODUCTO_NUMERO=5
DELETE FROM DOCUMENTOCOMERCIAL_DETALLES WHERE DOCUMENTOCOMERCIAL_OID='4028e4b78f4abe42018f4adac96e0014' AND CANTIDAD=1 AND PRECIOPORUNIDAD=1200.00 AND PRODUCTO_NUMERO=6
DELETE FROM DOCUMENTOCOMERCIAL_DETALLES WHERE DOCUMENTOCOMERCIAL_OID='4028e4b78f4abe42018f4adac96e0014' AND CANTIDAD=1 AND PRECIOPORUNIDAD=1250.00 AND PRODUCTO_NUMERO=7
DELETE FROM DOCUMENTOCOMERCIAL_DETALLES WHERE DOCUMENTOCOMERCIAL_OID='4028e4b78f4abe42018f4adac96e0014' AND CANTIDAD=1 AND PRECIOPORUNIDAD=30.00 AND PRODUCTO_NUMERO=8
DELETE FROM DOCUMENTOCOMERCIAL_DETALLES WHERE DOCUMENTOCOMERCIAL_OID='4028e4b78f4abe42018f4adac96e0014' AND CANTIDAD=1 AND PRECIOPORUNIDAD=49.00 AND PRODUCTO_NUMERO=9
DELETE FROM DOCUMENTOCOMERCIAL_DETALLES WHERE DOCUMENTOCOMERCIAL_OID='4028e4b78f4abe42018f4adac96e0014' AND CANTIDAD=2 AND PRECIOPORUNIDAD=99.00 AND PRODUCTO_NUMERO=10
INSERT INTO DOCUMENTOCOMERCIAL_DETALLES VALUES('4028e4b78f4abe42018f4adac96e0014',2,999.00,5)
INSERT INTO DOCUMENTOCOMERCIAL_DETALLES VALUES('4028e4b78f4abe42018f4adac96e0014',1,1200.00,6)
INSERT INTO DOCUMENTOCOMERCIAL_DETALLES VALUES('4028e4b78f4abe42018f4adac96e0014',1,1250.00,7)
INSERT INTO DOCUMENTOCOMERCIAL_DETALLES VALUES('4028e4b78f4abe42018f4adac96e0014',1,30.00,8)
INSERT INTO DOCUMENTOCOMERCIAL_DETALLES VALUES('4028e4b78f4abe42018f4adac96e0014',1,49.00,9)
INSERT INTO DOCUMENTOCOMERCIAL_DETALLES VALUES('4028e4b78f4abe42018f4adac96e0014',2,99.00,10)
COMMIT
